<?xml version="1.0" encoding="UTF-8"?>
<testng-results ignored="0" total="1" passed="0" failed="1" skipped="0">
  <reporter-output>
  </reporter-output>
  <suite started-at="2020-10-13T01:23:54Z" name="Default suite" finished-at="2020-10-13T01:24:05Z" duration-ms="11435">
    <groups>
      <group name="part dme">
        <method signature="PartDMETests.testSubmitCaseClaims()[pri:0, instance:com.maximus.qicportaltestautomation.qic_zz_tests.PartDMETests@1e66f1f5]" name="testSubmitCaseClaims" class="com.maximus.qicportaltestautomation.qic_zz_tests.PartDMETests"/>
      </group> <!-- part dme -->
      <group name="functest">
        <method signature="PartDMETests.testSubmitCaseClaims()[pri:0, instance:com.maximus.qicportaltestautomation.qic_zz_tests.PartDMETests@1e66f1f5]" name="testSubmitCaseClaims" class="com.maximus.qicportaltestautomation.qic_zz_tests.PartDMETests"/>
      </group> <!-- functest -->
    </groups>
    <test started-at="2020-10-13T01:23:54Z" name="Default test" finished-at="2020-10-13T01:24:05Z" duration-ms="11435">
      <class name="com.maximus.qicportaltestautomation.qic_zz_tests.PartDMETests">
        <test-method is-config="true" signature="setUp()[pri:0, instance:com.maximus.qicportaltestautomation.qic_zz_tests.PartDMETests@1e66f1f5]" started-at="2020-10-13T01:23:48Z" name="setUp" finished-at="2020-10-13T01:23:54Z" duration-ms="5657" status="PASS">
          <reporter-output>
          </reporter-output>
        </test-method> <!-- setUp -->
        <test-method is-config="true" signature="login()[pri:0, instance:com.maximus.qicportaltestautomation.qic_zz_tests.PartDMETests@1e66f1f5]" started-at="2020-10-13T01:23:54Z" name="login" finished-at="2020-10-13T01:23:57Z" duration-ms="3821" status="PASS">
          <reporter-output>
          </reporter-output>
        </test-method> <!-- login -->
        <test-method signature="testSubmitCaseClaims()[pri:0, instance:com.maximus.qicportaltestautomation.qic_zz_tests.PartDMETests@1e66f1f5]" started-at="2020-10-13T01:23:57Z" name="testSubmitCaseClaims" finished-at="2020-10-13T01:24:05Z" duration-ms="7571" status="FAIL">
          <exception class="org.openqa.selenium.ElementNotVisibleException">
            <message>
              <![CDATA[element not interactable
  (Session info: chrome=83.0.4103.97)
  (Driver info: chromedriver=2.42.591088 (7b2b2dca23cca0862f674758c9a3933e685c27d5),platform=Windows NT 10.0.17134 x86_64) (WARNING: The server did not provide any stacktrace information)
Command duration or timeout: 0 milliseconds
Build info: version: '3.11.0', revision: 'e59cfb3', time: '2018-03-11T20:26:55.152Z'
System info: host: 'CARMMJ2CSDC2', ip: '10.150.97.116', os.name: 'Windows 10', os.arch: 'amd64', os.version: '10.0', java.version: '11'
Driver info: org.openqa.selenium.chrome.ChromeDriver
Capabilities {acceptInsecureCerts: false, acceptSslCerts: false, applicationCacheEnabled: false, browserConnectionEnabled: false, browserName: chrome, chrome: {chromedriverVersion: 2.42.591088 (7b2b2dca23cca0..., userDataDir: C:\Users\131039\AppData\Loc...}, cssSelectorsEnabled: true, databaseEnabled: false, goog:chromeOptions: {debuggerAddress: localhost:62451}, handlesAlerts: true, hasTouchScreen: false, javascriptEnabled: true, locationContextEnabled: true, mobileEmulationEnabled: false, nativeEvents: true, networkConnectionEnabled: false, pageLoadStrategy: normal, platform: XP, platformName: XP, rotatable: false, setWindowRect: true, takesHeapSnapshot: true, takesScreenshot: true, unexpectedAlertBehaviour: , unhandledPromptBehavior: , version: 83.0.4103.97, webStorageEnabled: true}
Session ID: 0316db895b654a798594ceda76828ac6]]>
            </message>
            <full-stacktrace>
              <![CDATA[org.openqa.selenium.ElementNotVisibleException: element not interactable
  (Session info: chrome=83.0.4103.97)
  (Driver info: chromedriver=2.42.591088 (7b2b2dca23cca0862f674758c9a3933e685c27d5),platform=Windows NT 10.0.17134 x86_64) (WARNING: The server did not provide any stacktrace information)
Command duration or timeout: 0 milliseconds
Build info: version: '3.11.0', revision: 'e59cfb3', time: '2018-03-11T20:26:55.152Z'
System info: host: 'CARMMJ2CSDC2', ip: '10.150.97.116', os.name: 'Windows 10', os.arch: 'amd64', os.version: '10.0', java.version: '11'
Driver info: org.openqa.selenium.chrome.ChromeDriver
Capabilities {acceptInsecureCerts: false, acceptSslCerts: false, applicationCacheEnabled: false, browserConnectionEnabled: false, browserName: chrome, chrome: {chromedriverVersion: 2.42.591088 (7b2b2dca23cca0..., userDataDir: C:\Users\131039\AppData\Loc...}, cssSelectorsEnabled: true, databaseEnabled: false, goog:chromeOptions: {debuggerAddress: localhost:62451}, handlesAlerts: true, hasTouchScreen: false, javascriptEnabled: true, locationContextEnabled: true, mobileEmulationEnabled: false, nativeEvents: true, networkConnectionEnabled: false, pageLoadStrategy: normal, platform: XP, platformName: XP, rotatable: false, setWindowRect: true, takesHeapSnapshot: true, takesScreenshot: true, unexpectedAlertBehaviour: , unhandledPromptBehavior: , version: 83.0.4103.97, webStorageEnabled: true}
Session ID: 0316db895b654a798594ceda76828ac6
at java.base/jdk.internal.reflect.NativeConstructorAccessorImpl.newInstance0(Native Method)
at java.base/jdk.internal.reflect.NativeConstructorAccessorImpl.newInstance(NativeConstructorAccessorImpl.java:62)
at java.base/jdk.internal.reflect.DelegatingConstructorAccessorImpl.newInstance(DelegatingConstructorAccessorImpl.java:45)
at java.base/java.lang.reflect.Constructor.newInstance(Constructor.java:490)
at org.openqa.selenium.remote.ErrorHandler.createThrowable(ErrorHandler.java:214)
at org.openqa.selenium.remote.ErrorHandler.throwIfResponseFailed(ErrorHandler.java:166)
at org.openqa.selenium.remote.http.JsonHttpResponseCodec.reconstructValue(JsonHttpResponseCodec.java:40)
at org.openqa.selenium.remote.http.AbstractHttpResponseCodec.decode(AbstractHttpResponseCodec.java:80)
at org.openqa.selenium.remote.http.AbstractHttpResponseCodec.decode(AbstractHttpResponseCodec.java:44)
at org.openqa.selenium.remote.HttpCommandExecutor.execute(HttpCommandExecutor.java:158)
at org.openqa.selenium.remote.service.DriverCommandExecutor.execute(DriverCommandExecutor.java:83)
at org.openqa.selenium.remote.RemoteWebDriver.execute(RemoteWebDriver.java:545)
at org.openqa.selenium.remote.RemoteWebElement.execute(RemoteWebElement.java:279)
at org.openqa.selenium.remote.RemoteWebElement.click(RemoteWebElement.java:83)
at com.maximus.qicportaltestautomation.qic_app_manager.Utils.click(Utils.java:126)
at com.maximus.qicportaltestautomation.qic_project_part_dme.FillOutPartDME.addAnotherClaim(FillOutPartDME.java:181)
at com.maximus.qicportaltestautomation.qic_project_part_dme.FillOutPartDME.enterClaimDetails(FillOutPartDME.java:220)
at com.maximus.qicportaltestautomation.qic_project_part_dme.FillOutPartDME.enterCaseData(FillOutPartDME.java:260)
at com.maximus.qicportaltestautomation.qic_project_part_dme.FillOutPartDME.prepareCase(FillOutPartDME.java:271)
at com.maximus.qicportaltestautomation.qic_project_part_dme.FillOutPartDME.submitSeveralCases(FillOutPartDME.java:282)
at com.maximus.qicportaltestautomation.qic_zz_tests.PartDMETests.testSubmitCaseClaims(PartDMETests.java:32)
at java.base/jdk.internal.reflect.NativeMethodAccessorImpl.invoke0(Native Method)
at java.base/jdk.internal.reflect.NativeMethodAccessorImpl.invoke(NativeMethodAccessorImpl.java:62)
at java.base/jdk.internal.reflect.DelegatingMethodAccessorImpl.invoke(DelegatingMethodAccessorImpl.java:43)
at java.base/java.lang.reflect.Method.invoke(Method.java:566)
at org.testng.internal.MethodInvocationHelper.invokeMethod(MethodInvocationHelper.java:124)
at org.testng.internal.Invoker.invokeMethod(Invoker.java:583)
at org.testng.internal.Invoker.invokeTestMethod(Invoker.java:719)
at org.testng.internal.Invoker.invokeTestMethods(Invoker.java:989)
at org.testng.internal.TestMethodWorker.invokeTestMethods(TestMethodWorker.java:125)
at org.testng.internal.TestMethodWorker.run(TestMethodWorker.java:109)
at org.testng.TestRunner.privateRun(TestRunner.java:648)
at org.testng.TestRunner.run(TestRunner.java:505)
at org.testng.SuiteRunner.runTest(SuiteRunner.java:455)
at org.testng.SuiteRunner.runSequentially(SuiteRunner.java:450)
at org.testng.SuiteRunner.privateRun(SuiteRunner.java:415)
at org.testng.SuiteRunner.run(SuiteRunner.java:364)
at org.testng.SuiteRunnerWorker.runSuite(SuiteRunnerWorker.java:52)
at org.testng.SuiteRunnerWorker.run(SuiteRunnerWorker.java:84)
at org.testng.TestNG.runSuitesSequentially(TestNG.java:1208)
at org.testng.TestNG.runSuitesLocally(TestNG.java:1137)
at org.testng.TestNG.runSuites(TestNG.java:1049)
at org.testng.TestNG.run(TestNG.java:1017)
at org.testng.remote.AbstractRemoteTestNG.run(AbstractRemoteTestNG.java:115)
at org.testng.remote.RemoteTestNG.initAndRun(RemoteTestNG.java:251)
at org.testng.remote.RemoteTestNG.main(RemoteTestNG.java:77)
]]>
            </full-stacktrace>
          </exception> <!-- org.openqa.selenium.ElementNotVisibleException -->
          <reporter-output>
          </reporter-output>
        </test-method> <!-- testSubmitCaseClaims -->
        <test-method is-config="true" signature="tearDown()[pri:0, instance:com.maximus.qicportaltestautomation.qic_zz_tests.PartDMETests@1e66f1f5]" started-at="2020-10-13T01:24:05Z" name="tearDown" finished-at="2020-10-13T01:24:05Z" duration-ms="71" status="PASS">
          <reporter-output>
          </reporter-output>
        </test-method> <!-- tearDown -->
      </class> <!-- com.maximus.qicportaltestautomation.qic_zz_tests.PartDMETests -->
    </test> <!-- Default test -->
  </suite> <!-- Default suite -->
</testng-results>
